2021-05-09 15:42:32,803 - mirage.yaml.yaml_generator - INFO - Running yaml_generator....

2021-05-09 15:42:32,805 - mirage.yaml.yaml_generator - INFO - using APT xml file: ./image2_data/image2.xml

2021-05-09 15:42:32,809 - mirage.yaml.yaml_generator - INFO - Original log file name: ./mirage_latest.log
2021-05-09 15:42:32,811 - mirage.reference_files.crds_tools.path_check - INFO - CRDS_PATH environment variable not set. Setting to /Users/spacegrey/crds_cache
2021-05-09 15:42:32,838 - mirage.apt.read_apt_xml - INFO - Running read_apt_xml....

2021-05-09 15:42:32,847 - mirage.apt.read_apt_xml - INFO - target_info:
2021-05-09 15:42:32,848 - mirage.apt.read_apt_xml - INFO - {'IMAGE-2': ('03:10:4.8000', '-10:05:24.00')}
2021-05-09 15:42:32,851 - mirage.apt.read_apt_xml - INFO - ++++++++++++++++++++++++++++++++++++++++++++++++++++++++++++++++++++++++++++++++++++++++++++++++++++
2021-05-09 15:42:32,852 - mirage.apt.read_apt_xml - INFO - Observation `001` labelled `Simple Imaging Example` uses template `NircamImaging`
2021-05-09 15:42:32,853 - mirage.apt.read_apt_xml - INFO - APTObservationParams Dictionary holds 0 entries before reading template
2021-05-09 15:42:32,855 - mirage.apt.read_apt_xml - INFO - Primary dither element PrimaryDithers not found, use default primary dithers value (1).
2021-05-09 15:42:32,856 - mirage.apt.read_apt_xml - INFO - Number of dithers: 1 primary * 1 subpixel = 1
2021-05-09 15:42:32,857 - mirage.apt.read_apt_xml - INFO - Dictionary read from template has 1 entries.
2021-05-09 15:42:32,860 - mirage.apt.read_apt_xml - INFO - Found 1 tile(s) for observation 001 Simple Imaging Example
2021-05-09 15:42:32,863 - mirage.apt.read_apt_xml - INFO - Found 1 visits with numbers: [1]
2021-05-09 15:42:32,865 - mirage.apt.read_apt_xml - INFO - APTObservationParams Dictionary holds 1 entries after reading template (+1 entries)
2021-05-09 15:42:32,867 - mirage.apt.read_apt_xml - INFO - Finished reading APT xml file.
2021-05-09 15:42:32,870 - mirage.apt.read_apt_xml - INFO - ++++++++++++++++++++++++++++++++++++++++++++++++++++++++++++++++++++++++++++++++++++++++++++++++++++
2021-05-09 15:42:32,887 - mirage.yaml.generate_observationlist.expand_for_dithers - INFO - Number of entries before expanding dithers: 1
2021-05-09 15:42:32,888 - mirage.yaml.generate_observationlist.expand_for_dithers - INFO - Number of entries after expanding dithers:  1
2021-05-09 15:42:32,889 - mirage.yaml.generate_observationlist.expand_for_dithers - INFO - Expanded table for Observation 001 has 1 entries
2021-05-09 15:42:32,892 - mirage.yaml.generate_observationlist.get_observation_dict - INFO - Wrote 1 observations and 1 entries to /Users/spacegrey/polybox/thesis/simtools/mirage/image2_data/observation_list.yaml
2021-05-09 15:42:36,005 - mirage.apt.apt_inputs - INFO - csv exposure list written to /Users/spacegrey/polybox/thesis/simtools/mirage/image2_data/Observation_table_for_image2.csv
2021-05-09 15:42:36,428 - mirage.yaml.yaml_generator - INFO - No PSF path provided. Using default path as PSF path for all yamls.
2021-05-09 15:42:36,467 - mirage.yaml.yaml_generator - INFO - Updated observation table file saved to /Users/spacegrey/polybox/thesis/simtools/mirage/image2_data/Observation_table_for_image2.xml_with_yaml_parameters.csv
2021-05-09 15:42:36,481 - mirage.yaml.yaml_generator - INFO - 

2021-05-09 15:42:36,482 - mirage.yaml.yaml_generator - INFO - Observation 001:
2021-05-09 15:42:36,483 - mirage.yaml.yaml_generator - INFO -     Prime: NIRCAM
2021-05-09 15:42:36,483 - mirage.yaml.yaml_generator - INFO -     1 visit(s)
2021-05-09 15:42:36,485 - mirage.yaml.yaml_generator - INFO -     1 activity(ies)
2021-05-09 15:42:36,486 - mirage.yaml.yaml_generator - INFO -     10 NIRCam detector(s) in module A and B
2021-05-09 15:42:36,487 - mirage.yaml.yaml_generator - INFO -     10 file(s)
2021-05-09 15:42:36,489 - mirage.yaml.yaml_generator - INFO - 10 output files written to: /Users/spacegrey/polybox/thesis/simtools/mirage/image2_data
2021-05-09 15:42:36,490 - mirage.yaml.yaml_generator - INFO - Yaml generator complete
2021-05-09 15:44:01,483 - mirage.imaging_simulator - INFO - 

Running imaging_simulator....

2021-05-09 15:44:01,486 - mirage.imaging_simulator - INFO - using parameter file: image2_data/jw00005001001_01101_00001_nrcb5.yaml
2021-05-09 15:44:01,522 - mirage.seed_image.catalog_seed_image - INFO - 

Running catalog_seed_image..

2021-05-09 15:44:01,523 - mirage.seed_image.catalog_seed_image - INFO - Reading parameter file: image2_data/jw00005001001_01101_00001_nrcb5.yaml

2021-05-09 15:44:01,524 - mirage.seed_image.catalog_seed_image - INFO - Original log file name: ./mirage_latest.log
2021-05-09 15:44:01,532 - root - CRITICAL - Traceback (most recent call last):
  File "/Users/spacegrey/opt/anaconda3/envs/mirage/lib/python3.7/site-packages/mirage/logging/logging_functions.py", line 111, in wrapped
    func(*args, **kwargs)
  File "/Users/spacegrey/opt/anaconda3/envs/mirage/lib/python3.7/site-packages/mirage/seed_image/catalog_seed_image.py", line 160, in make_seed
    overlapping_indexes, self.max_source_index = catalog_index_check(used_cats)
  File "/Users/spacegrey/opt/anaconda3/envs/mirage/lib/python3.7/site-packages/mirage/catalogs/utils.py", line 67, in catalog_index_check
    max_index = np.max(indexes)
  File "<__array_function__ internals>", line 6, in amax
  File "/Users/spacegrey/opt/anaconda3/envs/mirage/lib/python3.7/site-packages/numpy/core/fromnumeric.py", line 2734, in amax
    keepdims=keepdims, initial=initial, where=where)
  File "/Users/spacegrey/opt/anaconda3/envs/mirage/lib/python3.7/site-packages/numpy/core/fromnumeric.py", line 87, in _wrapreduction
    return ufunc.reduce(obj, axis, dtype, out, **passkwargs)
ValueError: zero-size array to reduction operation maximum which has no identity

2021-05-09 15:44:01,534 - root - CRITICAL - CRASHED
2021-05-09 15:51:16,463 - mirage.yaml.yaml_generator - INFO - Running yaml_generator....

2021-05-09 15:51:16,465 - mirage.yaml.yaml_generator - INFO - using APT xml file: ./image2_data/image2.xml

2021-05-09 15:51:16,467 - mirage.yaml.yaml_generator - INFO - Original log file name: ./mirage_latest.log
2021-05-09 15:51:16,488 - mirage.apt.read_apt_xml - INFO - Running read_apt_xml....

2021-05-09 15:51:16,492 - mirage.apt.read_apt_xml - INFO - target_info:
2021-05-09 15:51:16,493 - mirage.apt.read_apt_xml - INFO - {'IMAGE-2': ('03:10:4.8000', '-10:05:24.00')}
2021-05-09 15:51:16,494 - mirage.apt.read_apt_xml - INFO - ++++++++++++++++++++++++++++++++++++++++++++++++++++++++++++++++++++++++++++++++++++++++++++++++++++
2021-05-09 15:51:16,495 - mirage.apt.read_apt_xml - INFO - Observation `001` labelled `Simple Imaging Example` uses template `NircamImaging`
2021-05-09 15:51:16,498 - mirage.apt.read_apt_xml - INFO - APTObservationParams Dictionary holds 0 entries before reading template
2021-05-09 15:51:16,501 - mirage.apt.read_apt_xml - INFO - Primary dither element PrimaryDithers not found, use default primary dithers value (1).
2021-05-09 15:51:16,503 - mirage.apt.read_apt_xml - INFO - Number of dithers: 1 primary * 1 subpixel = 1
2021-05-09 15:51:16,504 - mirage.apt.read_apt_xml - INFO - Dictionary read from template has 1 entries.
2021-05-09 15:51:16,507 - mirage.apt.read_apt_xml - INFO - Found 1 tile(s) for observation 001 Simple Imaging Example
2021-05-09 15:51:16,508 - mirage.apt.read_apt_xml - INFO - Found 1 visits with numbers: [1]
2021-05-09 15:51:16,509 - mirage.apt.read_apt_xml - INFO - APTObservationParams Dictionary holds 1 entries after reading template (+1 entries)
2021-05-09 15:51:16,510 - mirage.apt.read_apt_xml - INFO - Finished reading APT xml file.
2021-05-09 15:51:16,512 - mirage.apt.read_apt_xml - INFO - ++++++++++++++++++++++++++++++++++++++++++++++++++++++++++++++++++++++++++++++++++++++++++++++++++++
2021-05-09 15:51:16,529 - mirage.yaml.generate_observationlist.expand_for_dithers - INFO - Number of entries before expanding dithers: 1
2021-05-09 15:51:16,530 - mirage.yaml.generate_observationlist.expand_for_dithers - INFO - Number of entries after expanding dithers:  1
2021-05-09 15:51:16,531 - mirage.yaml.generate_observationlist.expand_for_dithers - INFO - Expanded table for Observation 001 has 1 entries
2021-05-09 15:51:16,534 - mirage.yaml.generate_observationlist.get_observation_dict - INFO - Wrote 1 observations and 1 entries to /Users/spacegrey/polybox/thesis/simtools/mirage/image2_data/observation_list.yaml
2021-05-09 15:51:19,629 - mirage.apt.apt_inputs - INFO - csv exposure list written to /Users/spacegrey/polybox/thesis/simtools/mirage/image2_data/Observation_table_for_image2.csv
2021-05-09 15:51:20,014 - mirage.yaml.yaml_generator - INFO - No PSF path provided. Using default path as PSF path for all yamls.
2021-05-09 15:51:20,049 - mirage.yaml.yaml_generator - INFO - Updated observation table file saved to /Users/spacegrey/polybox/thesis/simtools/mirage/image2_data/Observation_table_for_image2.xml_with_yaml_parameters.csv
2021-05-09 15:51:20,058 - mirage.yaml.yaml_generator - INFO - 

2021-05-09 15:51:20,059 - mirage.yaml.yaml_generator - INFO - Observation 001:
2021-05-09 15:51:20,059 - mirage.yaml.yaml_generator - INFO -     Prime: NIRCAM
2021-05-09 15:51:20,061 - mirage.yaml.yaml_generator - INFO -     1 visit(s)
2021-05-09 15:51:20,063 - mirage.yaml.yaml_generator - INFO -     1 activity(ies)
2021-05-09 15:51:20,064 - mirage.yaml.yaml_generator - INFO -     10 NIRCam detector(s) in module A and B
2021-05-09 15:51:20,065 - mirage.yaml.yaml_generator - INFO -     10 file(s)
2021-05-09 15:51:20,066 - mirage.yaml.yaml_generator - INFO - 10 output files written to: /Users/spacegrey/polybox/thesis/simtools/mirage/image2_data
2021-05-09 15:51:20,068 - mirage.yaml.yaml_generator - INFO - Yaml generator complete
2021-05-09 15:52:19,077 - mirage.yaml.yaml_generator - INFO - Running yaml_generator....

2021-05-09 15:52:19,078 - mirage.yaml.yaml_generator - INFO - using APT xml file: ./image2_data/image2.xml

2021-05-09 15:52:19,080 - mirage.yaml.yaml_generator - INFO - Original log file name: ./mirage_latest.log
2021-05-09 15:52:19,105 - mirage.apt.read_apt_xml - INFO - Running read_apt_xml....

2021-05-09 15:52:19,108 - mirage.apt.read_apt_xml - INFO - target_info:
2021-05-09 15:52:19,110 - mirage.apt.read_apt_xml - INFO - {'IMAGE-2': ('03:10:4.8000', '-10:05:24.00')}
2021-05-09 15:52:19,111 - mirage.apt.read_apt_xml - INFO - ++++++++++++++++++++++++++++++++++++++++++++++++++++++++++++++++++++++++++++++++++++++++++++++++++++
2021-05-09 15:52:19,113 - mirage.apt.read_apt_xml - INFO - Observation `001` labelled `Simple Imaging Example` uses template `NircamImaging`
2021-05-09 15:52:19,115 - mirage.apt.read_apt_xml - INFO - APTObservationParams Dictionary holds 0 entries before reading template
2021-05-09 15:52:19,117 - mirage.apt.read_apt_xml - INFO - Primary dither element PrimaryDithers not found, use default primary dithers value (1).
2021-05-09 15:52:19,119 - mirage.apt.read_apt_xml - INFO - Number of dithers: 1 primary * 1 subpixel = 1
2021-05-09 15:52:19,121 - mirage.apt.read_apt_xml - INFO - Dictionary read from template has 1 entries.
2021-05-09 15:52:19,122 - mirage.apt.read_apt_xml - INFO - Found 1 tile(s) for observation 001 Simple Imaging Example
2021-05-09 15:52:19,124 - mirage.apt.read_apt_xml - INFO - Found 1 visits with numbers: [1]
2021-05-09 15:52:19,126 - mirage.apt.read_apt_xml - INFO - APTObservationParams Dictionary holds 1 entries after reading template (+1 entries)
2021-05-09 15:52:19,127 - mirage.apt.read_apt_xml - INFO - Finished reading APT xml file.
2021-05-09 15:52:19,128 - mirage.apt.read_apt_xml - INFO - ++++++++++++++++++++++++++++++++++++++++++++++++++++++++++++++++++++++++++++++++++++++++++++++++++++
2021-05-09 15:52:19,143 - mirage.yaml.generate_observationlist.expand_for_dithers - INFO - Number of entries before expanding dithers: 1
2021-05-09 15:52:19,145 - mirage.yaml.generate_observationlist.expand_for_dithers - INFO - Number of entries after expanding dithers:  1
2021-05-09 15:52:19,147 - mirage.yaml.generate_observationlist.expand_for_dithers - INFO - Expanded table for Observation 001 has 1 entries
2021-05-09 16:09:13,862 - mirage.yaml.yaml_generator - INFO - Running yaml_generator....

2021-05-09 16:09:13,865 - mirage.yaml.yaml_generator - INFO - using APT xml file: ./image2_data/image2.xml

2021-05-09 16:09:13,869 - mirage.yaml.yaml_generator - INFO - Original log file name: ./mirage_latest.log
2021-05-09 16:09:13,892 - mirage.apt.read_apt_xml - INFO - Running read_apt_xml....

2021-05-09 16:09:13,896 - mirage.apt.read_apt_xml - INFO - target_info:
2021-05-09 16:09:13,898 - mirage.apt.read_apt_xml - INFO - {'IMAGE-2': ('03:10:4.8000', '-10:05:24.00')}
2021-05-09 16:09:13,899 - mirage.apt.read_apt_xml - INFO - ++++++++++++++++++++++++++++++++++++++++++++++++++++++++++++++++++++++++++++++++++++++++++++++++++++
2021-05-09 16:09:13,901 - mirage.apt.read_apt_xml - INFO - Observation `001` labelled `Simple Imaging Example` uses template `NircamImaging`
2021-05-09 16:09:13,902 - mirage.apt.read_apt_xml - INFO - APTObservationParams Dictionary holds 0 entries before reading template
2021-05-09 16:09:13,904 - mirage.apt.read_apt_xml - INFO - Primary dither element PrimaryDithers not found, use default primary dithers value (1).
2021-05-09 16:09:13,906 - mirage.apt.read_apt_xml - INFO - Number of dithers: 1 primary * 1 subpixel = 1
2021-05-09 16:09:13,907 - mirage.apt.read_apt_xml - INFO - Dictionary read from template has 1 entries.
2021-05-09 16:09:13,908 - mirage.apt.read_apt_xml - INFO - Found 1 tile(s) for observation 001 Simple Imaging Example
2021-05-09 16:09:13,910 - mirage.apt.read_apt_xml - INFO - Found 1 visits with numbers: [1]
2021-05-09 16:09:13,911 - mirage.apt.read_apt_xml - INFO - APTObservationParams Dictionary holds 1 entries after reading template (+1 entries)
2021-05-09 16:09:13,913 - mirage.apt.read_apt_xml - INFO - Finished reading APT xml file.
2021-05-09 16:09:13,917 - mirage.apt.read_apt_xml - INFO - ++++++++++++++++++++++++++++++++++++++++++++++++++++++++++++++++++++++++++++++++++++++++++++++++++++
2021-05-09 16:09:13,935 - mirage.yaml.generate_observationlist.expand_for_dithers - INFO - Number of entries before expanding dithers: 1
2021-05-09 16:09:13,936 - mirage.yaml.generate_observationlist.expand_for_dithers - INFO - Number of entries after expanding dithers:  1
2021-05-09 16:09:13,936 - mirage.yaml.generate_observationlist.expand_for_dithers - INFO - Expanded table for Observation 001 has 1 entries
2021-05-09 16:09:13,938 - mirage.yaml.generate_observationlist.get_observation_dict - INFO - Wrote 1 observations and 1 entries to /Users/spacegrey/polybox/thesis/simtools/mirage/image2_data/observation_list.yaml
2021-05-09 16:09:17,013 - mirage.apt.apt_inputs - INFO - csv exposure list written to /Users/spacegrey/polybox/thesis/simtools/mirage/image2_data/Observation_table_for_image2.csv
2021-05-09 16:09:17,411 - mirage.yaml.yaml_generator - INFO - No PSF path provided. Using default path as PSF path for all yamls.
2021-05-09 16:09:17,445 - mirage.yaml.yaml_generator - INFO - Updated observation table file saved to /Users/spacegrey/polybox/thesis/simtools/mirage/image2_data/Observation_table_for_image2.xml_with_yaml_parameters.csv
2021-05-09 16:09:17,457 - mirage.yaml.yaml_generator - INFO - 

2021-05-09 16:09:17,458 - mirage.yaml.yaml_generator - INFO - Observation 001:
2021-05-09 16:09:17,458 - mirage.yaml.yaml_generator - INFO -     Prime: NIRCAM
2021-05-09 16:09:17,459 - mirage.yaml.yaml_generator - INFO -     1 visit(s)
2021-05-09 16:09:17,460 - mirage.yaml.yaml_generator - INFO -     1 activity(ies)
2021-05-09 16:09:17,461 - mirage.yaml.yaml_generator - INFO -     10 NIRCam detector(s) in module A and B
2021-05-09 16:09:17,462 - mirage.yaml.yaml_generator - INFO -     10 file(s)
2021-05-09 16:09:17,464 - mirage.yaml.yaml_generator - INFO - 10 output files written to: /Users/spacegrey/polybox/thesis/simtools/mirage/image2_data
2021-05-09 16:09:17,465 - mirage.yaml.yaml_generator - INFO - Yaml generator complete
2021-05-09 16:10:24,854 - mirage.yaml.yaml_generator - INFO - Running yaml_generator....

2021-05-09 16:10:24,855 - mirage.yaml.yaml_generator - INFO - using APT xml file: ./image2_data/image2.xml

2021-05-09 16:10:24,857 - mirage.yaml.yaml_generator - INFO - Original log file name: ./mirage_latest.log
2021-05-09 16:10:24,879 - mirage.apt.read_apt_xml - INFO - Running read_apt_xml....

2021-05-09 16:10:24,881 - mirage.apt.read_apt_xml - INFO - target_info:
2021-05-09 16:10:24,882 - mirage.apt.read_apt_xml - INFO - {'IMAGE-2': ('03:10:4.8000', '-10:05:24.00')}
2021-05-09 16:10:24,884 - mirage.apt.read_apt_xml - INFO - ++++++++++++++++++++++++++++++++++++++++++++++++++++++++++++++++++++++++++++++++++++++++++++++++++++
2021-05-09 16:10:24,886 - mirage.apt.read_apt_xml - INFO - Observation `001` labelled `Simple Imaging Example` uses template `NircamImaging`
2021-05-09 16:10:24,888 - mirage.apt.read_apt_xml - INFO - APTObservationParams Dictionary holds 0 entries before reading template
2021-05-09 16:10:24,890 - mirage.apt.read_apt_xml - INFO - Primary dither element PrimaryDithers not found, use default primary dithers value (1).
2021-05-09 16:10:24,890 - mirage.apt.read_apt_xml - INFO - Number of dithers: 1 primary * 1 subpixel = 1
2021-05-09 16:10:24,892 - mirage.apt.read_apt_xml - INFO - Dictionary read from template has 1 entries.
2021-05-09 16:10:24,895 - mirage.apt.read_apt_xml - INFO - Found 1 tile(s) for observation 001 Simple Imaging Example
2021-05-09 16:10:24,898 - mirage.apt.read_apt_xml - INFO - Found 1 visits with numbers: [1]
2021-05-09 16:10:24,900 - mirage.apt.read_apt_xml - INFO - APTObservationParams Dictionary holds 1 entries after reading template (+1 entries)
2021-05-09 16:10:24,902 - mirage.apt.read_apt_xml - INFO - Finished reading APT xml file.
2021-05-09 16:10:24,903 - mirage.apt.read_apt_xml - INFO - ++++++++++++++++++++++++++++++++++++++++++++++++++++++++++++++++++++++++++++++++++++++++++++++++++++
2021-05-09 16:10:24,923 - mirage.yaml.generate_observationlist.expand_for_dithers - INFO - Number of entries before expanding dithers: 1
2021-05-09 16:10:24,923 - mirage.yaml.generate_observationlist.expand_for_dithers - INFO - Number of entries after expanding dithers:  1
2021-05-09 16:10:24,925 - mirage.yaml.generate_observationlist.expand_for_dithers - INFO - Expanded table for Observation 001 has 1 entries
2021-05-09 16:10:24,928 - mirage.yaml.generate_observationlist.get_observation_dict - INFO - Wrote 1 observations and 1 entries to /Users/spacegrey/polybox/thesis/simtools/mirage/image2_data/observation_list.yaml
2021-05-09 16:10:28,024 - mirage.apt.apt_inputs - INFO - csv exposure list written to /Users/spacegrey/polybox/thesis/simtools/mirage/image2_data/Observation_table_for_image2.csv
2021-05-09 16:10:28,398 - mirage.yaml.yaml_generator - INFO - No PSF path provided. Using default path as PSF path for all yamls.
2021-05-09 16:10:28,697 - mirage.yaml.yaml_generator - INFO - Updated observation table file saved to /Users/spacegrey/polybox/thesis/simtools/mirage/image2_data/Observation_table_for_image2.xml_with_yaml_parameters.csv
2021-05-09 16:10:28,705 - mirage.yaml.yaml_generator - INFO - 

2021-05-09 16:10:28,706 - mirage.yaml.yaml_generator - INFO - Observation 001:
2021-05-09 16:10:28,707 - mirage.yaml.yaml_generator - INFO -     Prime: NIRCAM
2021-05-09 16:10:28,708 - mirage.yaml.yaml_generator - INFO -     1 visit(s)
2021-05-09 16:10:28,709 - mirage.yaml.yaml_generator - INFO -     1 activity(ies)
2021-05-09 16:10:28,710 - mirage.yaml.yaml_generator - INFO -     10 NIRCam detector(s) in module A and B
2021-05-09 16:10:28,712 - mirage.yaml.yaml_generator - INFO -     10 file(s)
2021-05-09 16:10:28,715 - mirage.yaml.yaml_generator - INFO - 10 output files written to: /Users/spacegrey/polybox/thesis/simtools/mirage/image2_data
2021-05-09 16:10:28,718 - mirage.yaml.yaml_generator - INFO - Yaml generator complete
2021-05-09 16:11:13,943 - mirage.yaml.yaml_generator - INFO - Running yaml_generator....

2021-05-09 16:11:13,945 - mirage.yaml.yaml_generator - INFO - using APT xml file: ./image2_data/image2.xml

2021-05-09 16:11:13,946 - mirage.yaml.yaml_generator - INFO - Original log file name: ./mirage_latest.log
2021-05-09 16:11:13,971 - mirage.apt.read_apt_xml - INFO - Running read_apt_xml....

2021-05-09 16:11:13,973 - mirage.apt.read_apt_xml - INFO - target_info:
2021-05-09 16:11:13,974 - mirage.apt.read_apt_xml - INFO - {'IMAGE-2': ('03:10:4.8000', '-10:05:24.00')}
2021-05-09 16:11:13,975 - mirage.apt.read_apt_xml - INFO - ++++++++++++++++++++++++++++++++++++++++++++++++++++++++++++++++++++++++++++++++++++++++++++++++++++
2021-05-09 16:11:13,976 - mirage.apt.read_apt_xml - INFO - Observation `001` labelled `Simple Imaging Example` uses template `NircamImaging`
2021-05-09 16:11:13,977 - mirage.apt.read_apt_xml - INFO - APTObservationParams Dictionary holds 0 entries before reading template
2021-05-09 16:11:13,979 - mirage.apt.read_apt_xml - INFO - Primary dither element PrimaryDithers not found, use default primary dithers value (1).
2021-05-09 16:11:13,980 - mirage.apt.read_apt_xml - INFO - Number of dithers: 1 primary * 1 subpixel = 1
2021-05-09 16:11:13,983 - mirage.apt.read_apt_xml - INFO - Dictionary read from template has 1 entries.
2021-05-09 16:11:13,985 - mirage.apt.read_apt_xml - INFO - Found 1 tile(s) for observation 001 Simple Imaging Example
2021-05-09 16:11:13,986 - mirage.apt.read_apt_xml - INFO - Found 1 visits with numbers: [1]
2021-05-09 16:11:13,988 - mirage.apt.read_apt_xml - INFO - APTObservationParams Dictionary holds 1 entries after reading template (+1 entries)
2021-05-09 16:11:13,990 - mirage.apt.read_apt_xml - INFO - Finished reading APT xml file.
2021-05-09 16:11:13,991 - mirage.apt.read_apt_xml - INFO - ++++++++++++++++++++++++++++++++++++++++++++++++++++++++++++++++++++++++++++++++++++++++++++++++++++
2021-05-09 16:11:14,009 - mirage.yaml.generate_observationlist.expand_for_dithers - INFO - Number of entries before expanding dithers: 1
2021-05-09 16:11:14,010 - mirage.yaml.generate_observationlist.expand_for_dithers - INFO - Number of entries after expanding dithers:  1
2021-05-09 16:11:14,011 - mirage.yaml.generate_observationlist.expand_for_dithers - INFO - Expanded table for Observation 001 has 1 entries
2021-05-09 16:11:14,014 - mirage.yaml.generate_observationlist.get_observation_dict - INFO - Wrote 1 observations and 1 entries to /Users/spacegrey/polybox/thesis/simtools/mirage/image2_data/observation_list.yaml
2021-05-09 16:11:17,154 - mirage.apt.apt_inputs - INFO - csv exposure list written to /Users/spacegrey/polybox/thesis/simtools/mirage/image2_data/Observation_table_for_image2.csv
2021-05-09 16:11:17,559 - mirage.yaml.yaml_generator - INFO - No PSF path provided. Using default path as PSF path for all yamls.
2021-05-09 16:11:17,598 - mirage.yaml.yaml_generator - INFO - Updated observation table file saved to /Users/spacegrey/polybox/thesis/simtools/mirage/image2_data/Observation_table_for_image2.xml_with_yaml_parameters.csv
2021-05-09 16:11:17,611 - mirage.yaml.yaml_generator - INFO - 

2021-05-09 16:11:17,612 - mirage.yaml.yaml_generator - INFO - Observation 001:
2021-05-09 16:11:17,612 - mirage.yaml.yaml_generator - INFO -     Prime: NIRCAM
2021-05-09 16:11:17,613 - mirage.yaml.yaml_generator - INFO -     1 visit(s)
2021-05-09 16:11:17,615 - mirage.yaml.yaml_generator - INFO -     1 activity(ies)
2021-05-09 16:11:17,617 - mirage.yaml.yaml_generator - INFO -     10 NIRCam detector(s) in module A and B
2021-05-09 16:11:17,619 - mirage.yaml.yaml_generator - INFO -     10 file(s)
2021-05-09 16:11:17,621 - mirage.yaml.yaml_generator - INFO - 10 output files written to: /Users/spacegrey/polybox/thesis/simtools/mirage/image2_data
2021-05-09 16:11:17,623 - mirage.yaml.yaml_generator - INFO - Yaml generator complete
2021-05-09 16:11:40,889 - mirage.imaging_simulator - INFO - 

Running imaging_simulator....

2021-05-09 16:11:40,890 - mirage.imaging_simulator - INFO - using parameter file: image2_data/jw00005001001_01101_00001_nrcb5.yaml
2021-05-09 16:11:40,926 - mirage.seed_image.catalog_seed_image - INFO - 

Running catalog_seed_image..

2021-05-09 16:11:40,927 - mirage.seed_image.catalog_seed_image - INFO - Reading parameter file: image2_data/jw00005001001_01101_00001_nrcb5.yaml

2021-05-09 16:11:40,928 - mirage.seed_image.catalog_seed_image - INFO - Original log file name: ./mirage_latest.log
2021-05-09 16:11:44,677 - root - CRITICAL - Traceback (most recent call last):
  File "/Users/spacegrey/opt/anaconda3/envs/mirage/lib/python3.7/site-packages/crds/client/proxy.py", line 150, in _call_service
    channel = request.urlopen(url, parameters)
  File "/Users/spacegrey/opt/anaconda3/envs/mirage/lib/python3.7/urllib/request.py", line 222, in urlopen
    return opener.open(url, data, timeout)
  File "/Users/spacegrey/opt/anaconda3/envs/mirage/lib/python3.7/urllib/request.py", line 531, in open
    response = meth(req, response)
  File "/Users/spacegrey/opt/anaconda3/envs/mirage/lib/python3.7/urllib/request.py", line 641, in http_response
    'http', request, response, code, msg, hdrs)
  File "/Users/spacegrey/opt/anaconda3/envs/mirage/lib/python3.7/urllib/request.py", line 569, in error
    return self._call_chain(*args)
  File "/Users/spacegrey/opt/anaconda3/envs/mirage/lib/python3.7/urllib/request.py", line 503, in _call_chain
    result = func(*args)
  File "/Users/spacegrey/opt/anaconda3/envs/mirage/lib/python3.7/urllib/request.py", line 649, in http_error_default
    raise HTTPError(req.full_url, code, msg, hdrs, fp)
urllib.error.HTTPError: HTTP Error 503: Service Temporarily Unavailable

The above exception was the direct cause of the following exception:

Traceback (most recent call last):
  File "/Users/spacegrey/opt/anaconda3/envs/mirage/lib/python3.7/site-packages/crds/client/api.py", line 387, in _get_server_info
    info = S.get_server_info()
  File "/Users/spacegrey/opt/anaconda3/envs/mirage/lib/python3.7/site-packages/crds/client/proxy.py", line 156, in __call__
    jsonrpc = self._call(*args, **kwargs)
  File "/Users/spacegrey/opt/anaconda3/envs/mirage/lib/python3.7/site-packages/crds/client/proxy.py", line 128, in _call
    response = apply_with_retries(self._call_service, parameters, url)
  File "/Users/spacegrey/opt/anaconda3/envs/mirage/lib/python3.7/site-packages/crds/client/proxy.py", line 50, in apply_with_retries
    raise exc2
  File "/Users/spacegrey/opt/anaconda3/envs/mirage/lib/python3.7/site-packages/crds/client/proxy.py", line 44, in apply_with_retries
    return func(*pars, **keys)
  File "/Users/spacegrey/opt/anaconda3/envs/mirage/lib/python3.7/site-packages/crds/client/proxy.py", line 153, in _call_service
    raise exceptions.ServiceError("CRDS jsonrpc failure " + repr(self.__service_name) + " " + str(exc)) from exc
crds.core.exceptions.ServiceError: CRDS jsonrpc failure 'get_server_info' HTTP Error 503: Service Temporarily Unavailable

The above exception was the direct cause of the following exception:

Traceback (most recent call last):
  File "/Users/spacegrey/opt/anaconda3/envs/mirage/lib/python3.7/site-packages/mirage/logging/logging_functions.py", line 111, in wrapped
    func(*args, **kwargs)
  File "/Users/spacegrey/opt/anaconda3/envs/mirage/lib/python3.7/site-packages/mirage/seed_image/catalog_seed_image.py", line 175, in make_seed
    self.params = utils.full_paths(self.params, self.modpath, self.crds_dict, offline=self.offline)
  File "/Users/spacegrey/opt/anaconda3/envs/mirage/lib/python3.7/site-packages/mirage/utils/utils.py", line 544, in full_paths
    mapping = crds_tools.get_reffiles(query_dictionary, [CRDS_FILE_TYPES[key2]], download=not offline)
  File "/Users/spacegrey/opt/anaconda3/envs/mirage/lib/python3.7/site-packages/mirage/reference_files/crds_tools.py", line 177, in get_reffiles
    reffile_mapping = crds.getreferences(parameter_dict, reftypes=reffile_types)
  File "/Users/spacegrey/opt/anaconda3/envs/mirage/lib/python3.7/site-packages/crds/core/heavy_client.py", line 128, in getreferences
    final_context, bestrefs, ignore_cache=ignore_cache)
  File "/Users/spacegrey/opt/anaconda3/envs/mirage/lib/python3.7/site-packages/crds/client/api.py", line 853, in cache_references
    localrefs = FileCacher(pipeline_context, ignore_cache, raise_exceptions=False).get_local_files(wanted)[0]
  File "/Users/spacegrey/opt/anaconda3/envs/mirage/lib/python3.7/site-packages/crds/client/api.py", line 594, in get_local_files
    n_bytes = self.download_files(downloads, localpaths)
  File "/Users/spacegrey/opt/anaconda3/envs/mirage/lib/python3.7/site-packages/crds/client/api.py", line 620, in download_files
    download_metadata = get_download_metadata()
  File "/Users/spacegrey/opt/anaconda3/envs/mirage/lib/python3.7/site-packages/crds/core/utils.py", line 303, in __call__
    key, result = self._readonly(*args, **keys)
  File "/Users/spacegrey/opt/anaconda3/envs/mirage/lib/python3.7/site-packages/crds/core/utils.py", line 290, in _readonly
    return key, self.uncached(*args, **keys)
  File "/Users/spacegrey/opt/anaconda3/envs/mirage/lib/python3.7/site-packages/crds/client/api.py", line 367, in get_download_metadata
    info = get_server_info()
  File "/Users/spacegrey/opt/anaconda3/envs/mirage/lib/python3.7/site-packages/crds/core/utils.py", line 303, in __call__
    key, result = self._readonly(*args, **keys)
  File "/Users/spacegrey/opt/anaconda3/envs/mirage/lib/python3.7/site-packages/crds/core/utils.py", line 290, in _readonly
    return key, self.uncached(*args, **keys)
  File "/Users/spacegrey/opt/anaconda3/envs/mirage/lib/python3.7/site-packages/crds/client/api.py", line 337, in get_server_info
    info = _get_server_info()
  File "/Users/spacegrey/opt/anaconda3/envs/mirage/lib/python3.7/site-packages/crds/client/api.py", line 394, in _get_server_info
    srepr(exc)) from exc
crds.core.exceptions.CrdsNetworkError: Failed downloading cache config from: JSON RPC service at 'https://jwst-crds.stsci.edu': "CRDS jsonrpc failure 'get_server_info' HTTP Error 503: Service Temporarily Unavailable"

2021-05-09 16:11:44,677 - stpipe - CRITICAL - Traceback (most recent call last):
  File "/Users/spacegrey/opt/anaconda3/envs/mirage/lib/python3.7/site-packages/crds/client/proxy.py", line 150, in _call_service
    channel = request.urlopen(url, parameters)
  File "/Users/spacegrey/opt/anaconda3/envs/mirage/lib/python3.7/urllib/request.py", line 222, in urlopen
    return opener.open(url, data, timeout)
  File "/Users/spacegrey/opt/anaconda3/envs/mirage/lib/python3.7/urllib/request.py", line 531, in open
    response = meth(req, response)
  File "/Users/spacegrey/opt/anaconda3/envs/mirage/lib/python3.7/urllib/request.py", line 641, in http_response
    'http', request, response, code, msg, hdrs)
  File "/Users/spacegrey/opt/anaconda3/envs/mirage/lib/python3.7/urllib/request.py", line 569, in error
    return self._call_chain(*args)
  File "/Users/spacegrey/opt/anaconda3/envs/mirage/lib/python3.7/urllib/request.py", line 503, in _call_chain
    result = func(*args)
  File "/Users/spacegrey/opt/anaconda3/envs/mirage/lib/python3.7/urllib/request.py", line 649, in http_error_default
    raise HTTPError(req.full_url, code, msg, hdrs, fp)
urllib.error.HTTPError: HTTP Error 503: Service Temporarily Unavailable

The above exception was the direct cause of the following exception:

Traceback (most recent call last):
  File "/Users/spacegrey/opt/anaconda3/envs/mirage/lib/python3.7/site-packages/crds/client/api.py", line 387, in _get_server_info
    info = S.get_server_info()
  File "/Users/spacegrey/opt/anaconda3/envs/mirage/lib/python3.7/site-packages/crds/client/proxy.py", line 156, in __call__
    jsonrpc = self._call(*args, **kwargs)
  File "/Users/spacegrey/opt/anaconda3/envs/mirage/lib/python3.7/site-packages/crds/client/proxy.py", line 128, in _call
    response = apply_with_retries(self._call_service, parameters, url)
  File "/Users/spacegrey/opt/anaconda3/envs/mirage/lib/python3.7/site-packages/crds/client/proxy.py", line 50, in apply_with_retries
    raise exc2
  File "/Users/spacegrey/opt/anaconda3/envs/mirage/lib/python3.7/site-packages/crds/client/proxy.py", line 44, in apply_with_retries
    return func(*pars, **keys)
  File "/Users/spacegrey/opt/anaconda3/envs/mirage/lib/python3.7/site-packages/crds/client/proxy.py", line 153, in _call_service
    raise exceptions.ServiceError("CRDS jsonrpc failure " + repr(self.__service_name) + " " + str(exc)) from exc
crds.core.exceptions.ServiceError: CRDS jsonrpc failure 'get_server_info' HTTP Error 503: Service Temporarily Unavailable

The above exception was the direct cause of the following exception:

Traceback (most recent call last):
  File "/Users/spacegrey/opt/anaconda3/envs/mirage/lib/python3.7/site-packages/mirage/logging/logging_functions.py", line 111, in wrapped
    func(*args, **kwargs)
  File "/Users/spacegrey/opt/anaconda3/envs/mirage/lib/python3.7/site-packages/mirage/seed_image/catalog_seed_image.py", line 175, in make_seed
    self.params = utils.full_paths(self.params, self.modpath, self.crds_dict, offline=self.offline)
  File "/Users/spacegrey/opt/anaconda3/envs/mirage/lib/python3.7/site-packages/mirage/utils/utils.py", line 544, in full_paths
    mapping = crds_tools.get_reffiles(query_dictionary, [CRDS_FILE_TYPES[key2]], download=not offline)
  File "/Users/spacegrey/opt/anaconda3/envs/mirage/lib/python3.7/site-packages/mirage/reference_files/crds_tools.py", line 177, in get_reffiles
    reffile_mapping = crds.getreferences(parameter_dict, reftypes=reffile_types)
  File "/Users/spacegrey/opt/anaconda3/envs/mirage/lib/python3.7/site-packages/crds/core/heavy_client.py", line 128, in getreferences
    final_context, bestrefs, ignore_cache=ignore_cache)
  File "/Users/spacegrey/opt/anaconda3/envs/mirage/lib/python3.7/site-packages/crds/client/api.py", line 853, in cache_references
    localrefs = FileCacher(pipeline_context, ignore_cache, raise_exceptions=False).get_local_files(wanted)[0]
  File "/Users/spacegrey/opt/anaconda3/envs/mirage/lib/python3.7/site-packages/crds/client/api.py", line 594, in get_local_files
    n_bytes = self.download_files(downloads, localpaths)
  File "/Users/spacegrey/opt/anaconda3/envs/mirage/lib/python3.7/site-packages/crds/client/api.py", line 620, in download_files
    download_metadata = get_download_metadata()
  File "/Users/spacegrey/opt/anaconda3/envs/mirage/lib/python3.7/site-packages/crds/core/utils.py", line 303, in __call__
    key, result = self._readonly(*args, **keys)
  File "/Users/spacegrey/opt/anaconda3/envs/mirage/lib/python3.7/site-packages/crds/core/utils.py", line 290, in _readonly
    return key, self.uncached(*args, **keys)
  File "/Users/spacegrey/opt/anaconda3/envs/mirage/lib/python3.7/site-packages/crds/client/api.py", line 367, in get_download_metadata
    info = get_server_info()
  File "/Users/spacegrey/opt/anaconda3/envs/mirage/lib/python3.7/site-packages/crds/core/utils.py", line 303, in __call__
    key, result = self._readonly(*args, **keys)
  File "/Users/spacegrey/opt/anaconda3/envs/mirage/lib/python3.7/site-packages/crds/core/utils.py", line 290, in _readonly
    return key, self.uncached(*args, **keys)
  File "/Users/spacegrey/opt/anaconda3/envs/mirage/lib/python3.7/site-packages/crds/client/api.py", line 337, in get_server_info
    info = _get_server_info()
  File "/Users/spacegrey/opt/anaconda3/envs/mirage/lib/python3.7/site-packages/crds/client/api.py", line 394, in _get_server_info
    srepr(exc)) from exc
crds.core.exceptions.CrdsNetworkError: Failed downloading cache config from: JSON RPC service at 'https://jwst-crds.stsci.edu': "CRDS jsonrpc failure 'get_server_info' HTTP Error 503: Service Temporarily Unavailable"

2021-05-09 16:11:44,681 - root - CRITICAL - CRASHED
2021-05-09 16:11:44,681 - stpipe - CRITICAL - CRASHED
2021-05-09 16:16:00,040 - mirage.yaml.yaml_generator - INFO - Running yaml_generator....

2021-05-09 16:16:00,040 - stpipe - INFO - Running yaml_generator....

2021-05-09 16:16:00,045 - mirage.yaml.yaml_generator - INFO - using APT xml file: ./image2_data/image2.xml

2021-05-09 16:16:00,045 - stpipe - INFO - using APT xml file: ./image2_data/image2.xml

2021-05-09 16:16:00,048 - mirage.yaml.yaml_generator - INFO - Original log file name: ./mirage_latest.log
2021-05-09 16:16:00,048 - stpipe - INFO - Original log file name: ./mirage_latest.log
2021-05-09 16:16:00,079 - mirage.apt.read_apt_xml - INFO - Running read_apt_xml....

2021-05-09 16:16:00,079 - stpipe - INFO - Running read_apt_xml....

2021-05-09 16:16:00,084 - mirage.apt.read_apt_xml - INFO - target_info:
2021-05-09 16:16:00,084 - stpipe - INFO - target_info:
2021-05-09 16:16:00,087 - mirage.apt.read_apt_xml - INFO - {'IMAGE-2': ('03:10:4.8000', '-10:05:24.00')}
2021-05-09 16:16:00,087 - stpipe - INFO - {'IMAGE-2': ('03:10:4.8000', '-10:05:24.00')}
2021-05-09 16:16:00,093 - mirage.apt.read_apt_xml - INFO - ++++++++++++++++++++++++++++++++++++++++++++++++++++++++++++++++++++++++++++++++++++++++++++++++++++
2021-05-09 16:16:00,093 - stpipe - INFO - ++++++++++++++++++++++++++++++++++++++++++++++++++++++++++++++++++++++++++++++++++++++++++++++++++++
2021-05-09 16:16:00,098 - mirage.apt.read_apt_xml - INFO - Observation `001` labelled `Simple Imaging Example` uses template `NircamImaging`
2021-05-09 16:16:00,098 - stpipe - INFO - Observation `001` labelled `Simple Imaging Example` uses template `NircamImaging`
2021-05-09 16:16:00,101 - mirage.apt.read_apt_xml - INFO - APTObservationParams Dictionary holds 0 entries before reading template
2021-05-09 16:16:00,101 - stpipe - INFO - APTObservationParams Dictionary holds 0 entries before reading template
2021-05-09 16:16:00,104 - mirage.apt.read_apt_xml - INFO - Primary dither element PrimaryDithers not found, use default primary dithers value (1).
2021-05-09 16:16:00,104 - stpipe - INFO - Primary dither element PrimaryDithers not found, use default primary dithers value (1).
2021-05-09 16:16:00,107 - mirage.apt.read_apt_xml - INFO - Number of dithers: 1 primary * 1 subpixel = 1
2021-05-09 16:16:00,107 - stpipe - INFO - Number of dithers: 1 primary * 1 subpixel = 1
2021-05-09 16:16:00,115 - mirage.apt.read_apt_xml - INFO - Dictionary read from template has 1 entries.
2021-05-09 16:16:00,115 - stpipe - INFO - Dictionary read from template has 1 entries.
2021-05-09 16:16:00,126 - mirage.apt.read_apt_xml - INFO - Found 1 tile(s) for observation 001 Simple Imaging Example
2021-05-09 16:16:00,126 - stpipe - INFO - Found 1 tile(s) for observation 001 Simple Imaging Example
2021-05-09 16:16:00,132 - mirage.apt.read_apt_xml - INFO - Found 1 visits with numbers: [1]
2021-05-09 16:16:00,132 - stpipe - INFO - Found 1 visits with numbers: [1]
2021-05-09 16:16:00,136 - mirage.apt.read_apt_xml - INFO - APTObservationParams Dictionary holds 1 entries after reading template (+1 entries)
2021-05-09 16:16:00,136 - stpipe - INFO - APTObservationParams Dictionary holds 1 entries after reading template (+1 entries)
2021-05-09 16:16:00,138 - mirage.apt.read_apt_xml - INFO - Finished reading APT xml file.
2021-05-09 16:16:00,138 - stpipe - INFO - Finished reading APT xml file.
2021-05-09 16:16:00,143 - mirage.apt.read_apt_xml - INFO - ++++++++++++++++++++++++++++++++++++++++++++++++++++++++++++++++++++++++++++++++++++++++++++++++++++
2021-05-09 16:16:00,143 - stpipe - INFO - ++++++++++++++++++++++++++++++++++++++++++++++++++++++++++++++++++++++++++++++++++++++++++++++++++++
2021-05-09 16:16:00,171 - mirage.yaml.generate_observationlist.expand_for_dithers - INFO - Number of entries before expanding dithers: 1
2021-05-09 16:16:00,171 - stpipe - INFO - Number of entries before expanding dithers: 1
2021-05-09 16:16:00,175 - mirage.yaml.generate_observationlist.expand_for_dithers - INFO - Number of entries after expanding dithers:  1
2021-05-09 16:16:00,175 - stpipe - INFO - Number of entries after expanding dithers:  1
2021-05-09 16:16:00,179 - mirage.yaml.generate_observationlist.expand_for_dithers - INFO - Expanded table for Observation 001 has 1 entries
2021-05-09 16:16:00,179 - stpipe - INFO - Expanded table for Observation 001 has 1 entries
2021-05-09 16:16:00,184 - mirage.yaml.generate_observationlist.get_observation_dict - INFO - Wrote 1 observations and 1 entries to /Users/spacegrey/polybox/thesis/simtools/mirage/image2_data/observation_list.yaml
2021-05-09 16:16:00,184 - stpipe - INFO - Wrote 1 observations and 1 entries to /Users/spacegrey/polybox/thesis/simtools/mirage/image2_data/observation_list.yaml
2021-05-09 16:16:03,478 - mirage.apt.apt_inputs - INFO - csv exposure list written to /Users/spacegrey/polybox/thesis/simtools/mirage/image2_data/Observation_table_for_image2.csv
2021-05-09 16:16:03,478 - stpipe - INFO - csv exposure list written to /Users/spacegrey/polybox/thesis/simtools/mirage/image2_data/Observation_table_for_image2.csv
2021-05-09 16:16:20,433 - mirage.reference_files.utils.get_transmission_file - INFO - POM Transmission filename: None
2021-05-09 16:16:20,433 - stpipe - INFO - POM Transmission filename: None
2021-05-09 16:16:20,437 - mirage.yaml.yaml_generator - INFO - Using transmission file: None
2021-05-09 16:16:20,437 - stpipe - INFO - Using transmission file: None
2021-05-09 16:16:24,752 - mirage.reference_files.utils.get_transmission_file - INFO - POM Transmission filename: None
2021-05-09 16:16:24,752 - stpipe - INFO - POM Transmission filename: None
2021-05-09 16:16:24,756 - mirage.yaml.yaml_generator - INFO - Using transmission file: None
2021-05-09 16:16:24,756 - stpipe - INFO - Using transmission file: None
2021-05-09 16:16:28,633 - mirage.reference_files.utils.get_transmission_file - INFO - POM Transmission filename: None
2021-05-09 16:16:28,633 - stpipe - INFO - POM Transmission filename: None
2021-05-09 16:16:28,638 - mirage.yaml.yaml_generator - INFO - Using transmission file: None
2021-05-09 16:16:28,638 - stpipe - INFO - Using transmission file: None
2021-05-09 16:16:32,988 - mirage.reference_files.utils.get_transmission_file - INFO - POM Transmission filename: None
2021-05-09 16:16:32,988 - stpipe - INFO - POM Transmission filename: None
2021-05-09 16:16:32,993 - mirage.yaml.yaml_generator - INFO - Using transmission file: None
2021-05-09 16:16:32,993 - stpipe - INFO - Using transmission file: None
2021-05-09 16:16:37,324 - mirage.reference_files.utils.get_transmission_file - INFO - POM Transmission filename: None
2021-05-09 16:16:37,324 - stpipe - INFO - POM Transmission filename: None
2021-05-09 16:16:37,329 - mirage.yaml.yaml_generator - INFO - Using transmission file: None
2021-05-09 16:16:37,329 - stpipe - INFO - Using transmission file: None
2021-05-09 16:16:41,641 - mirage.reference_files.utils.get_transmission_file - INFO - POM Transmission filename: None
2021-05-09 16:16:41,641 - stpipe - INFO - POM Transmission filename: None
2021-05-09 16:16:41,645 - mirage.yaml.yaml_generator - INFO - Using transmission file: None
2021-05-09 16:16:41,645 - stpipe - INFO - Using transmission file: None
2021-05-09 16:16:45,986 - mirage.reference_files.utils.get_transmission_file - INFO - POM Transmission filename: None
2021-05-09 16:16:45,986 - stpipe - INFO - POM Transmission filename: None
2021-05-09 16:16:45,990 - mirage.yaml.yaml_generator - INFO - Using transmission file: None
2021-05-09 16:16:45,990 - stpipe - INFO - Using transmission file: None
2021-05-09 16:16:50,287 - mirage.reference_files.utils.get_transmission_file - INFO - POM Transmission filename: None
2021-05-09 16:16:50,287 - stpipe - INFO - POM Transmission filename: None
2021-05-09 16:16:50,290 - mirage.yaml.yaml_generator - INFO - Using transmission file: None
2021-05-09 16:16:50,290 - stpipe - INFO - Using transmission file: None
2021-05-09 16:16:56,081 - mirage.reference_files.utils.get_transmission_file - INFO - POM Transmission filename: None
2021-05-09 16:16:56,081 - stpipe - INFO - POM Transmission filename: None
2021-05-09 16:16:56,085 - mirage.yaml.yaml_generator - INFO - Using transmission file: None
2021-05-09 16:16:56,085 - stpipe - INFO - Using transmission file: None
2021-05-09 16:17:02,676 - mirage.reference_files.utils.get_transmission_file - INFO - POM Transmission filename: None
2021-05-09 16:17:02,676 - stpipe - INFO - POM Transmission filename: None
2021-05-09 16:17:02,681 - mirage.yaml.yaml_generator - INFO - Using transmission file: None
2021-05-09 16:17:02,681 - stpipe - INFO - Using transmission file: None
2021-05-09 16:17:02,684 - mirage.yaml.yaml_generator - INFO - No PSF path provided. Using default path as PSF path for all yamls.
2021-05-09 16:17:02,684 - stpipe - INFO - No PSF path provided. Using default path as PSF path for all yamls.
2021-05-09 16:17:02,772 - mirage.yaml.yaml_generator - INFO - Updated observation table file saved to /Users/spacegrey/polybox/thesis/simtools/mirage/image2_data/Observation_table_for_image2.xml_with_yaml_parameters.csv
2021-05-09 16:17:02,772 - stpipe - INFO - Updated observation table file saved to /Users/spacegrey/polybox/thesis/simtools/mirage/image2_data/Observation_table_for_image2.xml_with_yaml_parameters.csv
2021-05-09 16:17:02,785 - mirage.yaml.yaml_generator - INFO - 

2021-05-09 16:17:02,785 - stpipe - INFO - 

2021-05-09 16:17:02,787 - mirage.yaml.yaml_generator - INFO - Observation 001:
2021-05-09 16:17:02,787 - stpipe - INFO - Observation 001:
2021-05-09 16:17:02,790 - mirage.yaml.yaml_generator - INFO -     Prime: NIRCAM
2021-05-09 16:17:02,790 - stpipe - INFO -     Prime: NIRCAM
2021-05-09 16:17:02,794 - mirage.yaml.yaml_generator - INFO -     1 visit(s)
2021-05-09 16:17:02,794 - stpipe - INFO -     1 visit(s)
2021-05-09 16:17:02,797 - mirage.yaml.yaml_generator - INFO -     1 activity(ies)
2021-05-09 16:17:02,797 - stpipe - INFO -     1 activity(ies)
2021-05-09 16:17:02,800 - mirage.yaml.yaml_generator - INFO -     10 NIRCam detector(s) in module A and B
2021-05-09 16:17:02,800 - stpipe - INFO -     10 NIRCam detector(s) in module A and B
2021-05-09 16:17:02,803 - mirage.yaml.yaml_generator - INFO -     10 file(s)
2021-05-09 16:17:02,803 - stpipe - INFO -     10 file(s)
2021-05-09 16:17:02,805 - mirage.yaml.yaml_generator - INFO - 10 output files written to: /Users/spacegrey/polybox/thesis/simtools/mirage/image2_data
2021-05-09 16:17:02,805 - stpipe - INFO - 10 output files written to: /Users/spacegrey/polybox/thesis/simtools/mirage/image2_data
2021-05-09 16:17:02,809 - mirage.yaml.yaml_generator - INFO - Yaml generator complete
2021-05-09 16:17:02,809 - stpipe - INFO - Yaml generator complete
2021-05-09 16:20:01,668 - mirage.yaml.yaml_generator - INFO - Running yaml_generator....

2021-05-09 16:20:01,668 - stpipe - INFO - Running yaml_generator....

2021-05-09 16:20:01,672 - mirage.yaml.yaml_generator - INFO - using APT xml file: ./image2_data/image2.xml

2021-05-09 16:20:01,672 - stpipe - INFO - using APT xml file: ./image2_data/image2.xml

2021-05-09 16:20:01,678 - mirage.yaml.yaml_generator - INFO - Original log file name: ./mirage_latest.log
2021-05-09 16:20:01,678 - stpipe - INFO - Original log file name: ./mirage_latest.log
2021-05-09 16:20:01,701 - mirage.apt.read_apt_xml - INFO - Running read_apt_xml....

2021-05-09 16:20:01,701 - stpipe - INFO - Running read_apt_xml....

2021-05-09 16:20:01,706 - mirage.apt.read_apt_xml - INFO - target_info:
2021-05-09 16:20:01,706 - stpipe - INFO - target_info:
2021-05-09 16:20:01,711 - mirage.apt.read_apt_xml - INFO - {'IMAGE-2': ('03:10:4.8000', '-10:05:24.00')}
2021-05-09 16:20:01,711 - stpipe - INFO - {'IMAGE-2': ('03:10:4.8000', '-10:05:24.00')}
2021-05-09 16:20:01,716 - mirage.apt.read_apt_xml - INFO - ++++++++++++++++++++++++++++++++++++++++++++++++++++++++++++++++++++++++++++++++++++++++++++++++++++
2021-05-09 16:20:01,716 - stpipe - INFO - ++++++++++++++++++++++++++++++++++++++++++++++++++++++++++++++++++++++++++++++++++++++++++++++++++++
2021-05-09 16:20:01,719 - mirage.apt.read_apt_xml - INFO - Observation `001` labelled `Simple Imaging Example` uses template `NircamImaging`
2021-05-09 16:20:01,719 - stpipe - INFO - Observation `001` labelled `Simple Imaging Example` uses template `NircamImaging`
2021-05-09 16:20:01,728 - mirage.apt.read_apt_xml - INFO - APTObservationParams Dictionary holds 0 entries before reading template
2021-05-09 16:20:01,728 - stpipe - INFO - APTObservationParams Dictionary holds 0 entries before reading template
2021-05-09 16:20:01,732 - mirage.apt.read_apt_xml - INFO - Primary dither element PrimaryDithers not found, use default primary dithers value (1).
2021-05-09 16:20:01,732 - stpipe - INFO - Primary dither element PrimaryDithers not found, use default primary dithers value (1).
2021-05-09 16:20:01,739 - mirage.apt.read_apt_xml - INFO - Number of dithers: 1 primary * 1 subpixel = 1
2021-05-09 16:20:01,739 - stpipe - INFO - Number of dithers: 1 primary * 1 subpixel = 1
2021-05-09 16:20:01,744 - mirage.apt.read_apt_xml - INFO - Dictionary read from template has 1 entries.
2021-05-09 16:20:01,744 - stpipe - INFO - Dictionary read from template has 1 entries.
2021-05-09 16:20:01,750 - mirage.apt.read_apt_xml - INFO - Found 1 tile(s) for observation 001 Simple Imaging Example
2021-05-09 16:20:01,750 - stpipe - INFO - Found 1 tile(s) for observation 001 Simple Imaging Example
2021-05-09 16:20:01,756 - mirage.apt.read_apt_xml - INFO - Found 1 visits with numbers: [1]
2021-05-09 16:20:01,756 - stpipe - INFO - Found 1 visits with numbers: [1]
2021-05-09 16:20:01,761 - mirage.apt.read_apt_xml - INFO - APTObservationParams Dictionary holds 1 entries after reading template (+1 entries)
2021-05-09 16:20:01,761 - stpipe - INFO - APTObservationParams Dictionary holds 1 entries after reading template (+1 entries)
2021-05-09 16:20:01,766 - mirage.apt.read_apt_xml - INFO - Finished reading APT xml file.
2021-05-09 16:20:01,766 - stpipe - INFO - Finished reading APT xml file.
2021-05-09 16:20:01,770 - mirage.apt.read_apt_xml - INFO - ++++++++++++++++++++++++++++++++++++++++++++++++++++++++++++++++++++++++++++++++++++++++++++++++++++
2021-05-09 16:20:01,770 - stpipe - INFO - ++++++++++++++++++++++++++++++++++++++++++++++++++++++++++++++++++++++++++++++++++++++++++++++++++++
2021-05-09 16:20:01,789 - mirage.yaml.generate_observationlist.expand_for_dithers - INFO - Number of entries before expanding dithers: 1
2021-05-09 16:20:01,789 - stpipe - INFO - Number of entries before expanding dithers: 1
2021-05-09 16:20:01,794 - mirage.yaml.generate_observationlist.expand_for_dithers - INFO - Number of entries after expanding dithers:  1
2021-05-09 16:20:01,794 - stpipe - INFO - Number of entries after expanding dithers:  1
2021-05-09 16:20:01,798 - mirage.yaml.generate_observationlist.expand_for_dithers - INFO - Expanded table for Observation 001 has 1 entries
2021-05-09 16:20:01,798 - stpipe - INFO - Expanded table for Observation 001 has 1 entries
2021-05-09 16:20:01,805 - mirage.yaml.generate_observationlist.get_observation_dict - INFO - Wrote 1 observations and 1 entries to /Users/spacegrey/polybox/thesis/simtools/mirage/image2_data/observation_list.yaml
2021-05-09 16:20:01,805 - stpipe - INFO - Wrote 1 observations and 1 entries to /Users/spacegrey/polybox/thesis/simtools/mirage/image2_data/observation_list.yaml
2021-05-09 16:20:04,919 - mirage.apt.apt_inputs - INFO - csv exposure list written to /Users/spacegrey/polybox/thesis/simtools/mirage/image2_data/Observation_table_for_image2.csv
2021-05-09 16:20:04,919 - stpipe - INFO - csv exposure list written to /Users/spacegrey/polybox/thesis/simtools/mirage/image2_data/Observation_table_for_image2.csv
2021-05-09 16:20:08,374 - mirage.reference_files.utils.get_transmission_file - INFO - POM Transmission filename: None
2021-05-09 16:20:08,374 - stpipe - INFO - POM Transmission filename: None
2021-05-09 16:20:08,379 - mirage.yaml.yaml_generator - INFO - Using transmission file: None
2021-05-09 16:20:08,379 - stpipe - INFO - Using transmission file: None
2021-05-09 16:20:12,734 - mirage.reference_files.utils.get_transmission_file - INFO - POM Transmission filename: None
2021-05-09 16:20:12,734 - stpipe - INFO - POM Transmission filename: None
2021-05-09 16:20:12,739 - mirage.yaml.yaml_generator - INFO - Using transmission file: None
2021-05-09 16:20:12,739 - stpipe - INFO - Using transmission file: None
2021-05-09 16:20:16,652 - mirage.reference_files.utils.get_transmission_file - INFO - POM Transmission filename: None
2021-05-09 16:20:16,652 - stpipe - INFO - POM Transmission filename: None
2021-05-09 16:20:16,655 - mirage.yaml.yaml_generator - INFO - Using transmission file: None
2021-05-09 16:20:16,655 - stpipe - INFO - Using transmission file: None
2021-05-09 16:20:20,975 - mirage.reference_files.utils.get_transmission_file - INFO - POM Transmission filename: None
2021-05-09 16:20:20,975 - stpipe - INFO - POM Transmission filename: None
2021-05-09 16:20:20,978 - mirage.yaml.yaml_generator - INFO - Using transmission file: None
2021-05-09 16:20:20,978 - stpipe - INFO - Using transmission file: None
2021-05-09 16:20:54,825 - mirage.reference_files.utils.get_transmission_file - INFO - POM Transmission filename: None
2021-05-09 16:20:54,825 - stpipe - INFO - POM Transmission filename: None
2021-05-09 16:20:54,829 - mirage.yaml.yaml_generator - INFO - Using transmission file: None
2021-05-09 16:20:54,829 - stpipe - INFO - Using transmission file: None
2021-05-09 16:20:59,157 - mirage.reference_files.utils.get_transmission_file - INFO - POM Transmission filename: None
2021-05-09 16:20:59,157 - stpipe - INFO - POM Transmission filename: None
2021-05-09 16:20:59,161 - mirage.yaml.yaml_generator - INFO - Using transmission file: None
2021-05-09 16:20:59,161 - stpipe - INFO - Using transmission file: None
2021-05-09 16:21:03,521 - mirage.reference_files.utils.get_transmission_file - INFO - POM Transmission filename: None
2021-05-09 16:21:03,521 - stpipe - INFO - POM Transmission filename: None
2021-05-09 16:21:03,526 - mirage.yaml.yaml_generator - INFO - Using transmission file: None
2021-05-09 16:21:03,526 - stpipe - INFO - Using transmission file: None
2021-05-09 16:21:07,859 - mirage.reference_files.utils.get_transmission_file - INFO - POM Transmission filename: None
2021-05-09 16:21:07,859 - stpipe - INFO - POM Transmission filename: None
2021-05-09 16:21:07,863 - mirage.yaml.yaml_generator - INFO - Using transmission file: None
2021-05-09 16:21:07,863 - stpipe - INFO - Using transmission file: None
2021-05-09 16:21:12,190 - mirage.reference_files.utils.get_transmission_file - INFO - POM Transmission filename: None
2021-05-09 16:21:12,190 - stpipe - INFO - POM Transmission filename: None
2021-05-09 16:21:12,194 - mirage.yaml.yaml_generator - INFO - Using transmission file: None
2021-05-09 16:21:12,194 - stpipe - INFO - Using transmission file: None
2021-05-09 16:21:16,480 - mirage.reference_files.utils.get_transmission_file - INFO - POM Transmission filename: None
2021-05-09 16:21:16,480 - stpipe - INFO - POM Transmission filename: None
2021-05-09 16:21:16,485 - mirage.yaml.yaml_generator - INFO - Using transmission file: None
2021-05-09 16:21:16,485 - stpipe - INFO - Using transmission file: None
2021-05-09 16:21:16,489 - mirage.yaml.yaml_generator - INFO - No PSF path provided. Using default path as PSF path for all yamls.
2021-05-09 16:21:16,489 - stpipe - INFO - No PSF path provided. Using default path as PSF path for all yamls.
2021-05-09 16:21:16,567 - mirage.yaml.yaml_generator - INFO - Updated observation table file saved to /Users/spacegrey/polybox/thesis/simtools/mirage/image2_data/Observation_table_for_image2.xml_with_yaml_parameters.csv
2021-05-09 16:21:16,567 - stpipe - INFO - Updated observation table file saved to /Users/spacegrey/polybox/thesis/simtools/mirage/image2_data/Observation_table_for_image2.xml_with_yaml_parameters.csv
2021-05-09 16:21:16,578 - mirage.yaml.yaml_generator - INFO - 

2021-05-09 16:21:16,578 - stpipe - INFO - 

2021-05-09 16:21:16,581 - mirage.yaml.yaml_generator - INFO - Observation 001:
2021-05-09 16:21:16,581 - stpipe - INFO - Observation 001:
2021-05-09 16:21:16,585 - mirage.yaml.yaml_generator - INFO -     Prime: NIRCAM
2021-05-09 16:21:16,585 - stpipe - INFO -     Prime: NIRCAM
2021-05-09 16:21:16,588 - mirage.yaml.yaml_generator - INFO -     1 visit(s)
2021-05-09 16:21:16,588 - stpipe - INFO -     1 visit(s)
2021-05-09 16:21:16,590 - mirage.yaml.yaml_generator - INFO -     1 activity(ies)
2021-05-09 16:21:16,590 - stpipe - INFO -     1 activity(ies)
2021-05-09 16:21:16,594 - mirage.yaml.yaml_generator - INFO -     10 NIRCam detector(s) in module A and B
2021-05-09 16:21:16,594 - stpipe - INFO -     10 NIRCam detector(s) in module A and B
2021-05-09 16:21:16,602 - mirage.yaml.yaml_generator - INFO -     10 file(s)
2021-05-09 16:21:16,602 - stpipe - INFO -     10 file(s)
2021-05-09 16:21:16,605 - mirage.yaml.yaml_generator - INFO - 10 output files written to: /Users/spacegrey/polybox/thesis/simtools/mirage/image2_data
2021-05-09 16:21:16,605 - stpipe - INFO - 10 output files written to: /Users/spacegrey/polybox/thesis/simtools/mirage/image2_data
2021-05-09 16:21:16,608 - mirage.yaml.yaml_generator - INFO - Yaml generator complete
2021-05-09 16:21:16,608 - stpipe - INFO - Yaml generator complete
2021-05-09 16:26:59,027 - mirage.yaml.yaml_generator - INFO - Running yaml_generator....

2021-05-09 16:26:59,027 - stpipe - INFO - Running yaml_generator....

2021-05-09 16:26:59,032 - mirage.yaml.yaml_generator - INFO - using APT xml file: ./image2_data/image2.xml

2021-05-09 16:26:59,032 - stpipe - INFO - using APT xml file: ./image2_data/image2.xml

2021-05-09 16:26:59,038 - mirage.yaml.yaml_generator - INFO - Original log file name: ./mirage_latest.log
2021-05-09 16:26:59,038 - stpipe - INFO - Original log file name: ./mirage_latest.log
2021-05-09 16:26:59,062 - mirage.apt.read_apt_xml - INFO - Running read_apt_xml....

2021-05-09 16:26:59,062 - stpipe - INFO - Running read_apt_xml....

2021-05-09 16:26:59,067 - mirage.apt.read_apt_xml - INFO - target_info:
2021-05-09 16:26:59,067 - stpipe - INFO - target_info:
2021-05-09 16:26:59,069 - mirage.apt.read_apt_xml - INFO - {'IMAGE-2': ('03:10:4.8000', '-10:05:24.00')}
2021-05-09 16:26:59,069 - stpipe - INFO - {'IMAGE-2': ('03:10:4.8000', '-10:05:24.00')}
2021-05-09 16:26:59,075 - mirage.apt.read_apt_xml - INFO - ++++++++++++++++++++++++++++++++++++++++++++++++++++++++++++++++++++++++++++++++++++++++++++++++++++
2021-05-09 16:26:59,075 - stpipe - INFO - ++++++++++++++++++++++++++++++++++++++++++++++++++++++++++++++++++++++++++++++++++++++++++++++++++++
2021-05-09 16:26:59,080 - mirage.apt.read_apt_xml - INFO - Observation `001` labelled `Simple Imaging Example` uses template `NircamImaging`
2021-05-09 16:26:59,080 - stpipe - INFO - Observation `001` labelled `Simple Imaging Example` uses template `NircamImaging`
2021-05-09 16:26:59,086 - mirage.apt.read_apt_xml - INFO - APTObservationParams Dictionary holds 0 entries before reading template
2021-05-09 16:26:59,086 - stpipe - INFO - APTObservationParams Dictionary holds 0 entries before reading template
2021-05-09 16:26:59,091 - mirage.apt.read_apt_xml - INFO - Primary dither element PrimaryDithers not found, use default primary dithers value (1).
2021-05-09 16:26:59,091 - stpipe - INFO - Primary dither element PrimaryDithers not found, use default primary dithers value (1).
2021-05-09 16:26:59,096 - mirage.apt.read_apt_xml - INFO - Number of dithers: 1 primary * 1 subpixel = 1
2021-05-09 16:26:59,096 - stpipe - INFO - Number of dithers: 1 primary * 1 subpixel = 1
2021-05-09 16:26:59,101 - mirage.apt.read_apt_xml - INFO - Dictionary read from template has 1 entries.
2021-05-09 16:26:59,101 - stpipe - INFO - Dictionary read from template has 1 entries.
2021-05-09 16:26:59,105 - mirage.apt.read_apt_xml - INFO - Found 1 tile(s) for observation 001 Simple Imaging Example
2021-05-09 16:26:59,105 - stpipe - INFO - Found 1 tile(s) for observation 001 Simple Imaging Example
2021-05-09 16:26:59,108 - mirage.apt.read_apt_xml - INFO - Found 1 visits with numbers: [1]
2021-05-09 16:26:59,108 - stpipe - INFO - Found 1 visits with numbers: [1]
2021-05-09 16:26:59,112 - mirage.apt.read_apt_xml - INFO - APTObservationParams Dictionary holds 1 entries after reading template (+1 entries)
2021-05-09 16:26:59,112 - stpipe - INFO - APTObservationParams Dictionary holds 1 entries after reading template (+1 entries)
2021-05-09 16:26:59,119 - mirage.apt.read_apt_xml - INFO - Finished reading APT xml file.
2021-05-09 16:26:59,119 - stpipe - INFO - Finished reading APT xml file.
2021-05-09 16:26:59,124 - mirage.apt.read_apt_xml - INFO - ++++++++++++++++++++++++++++++++++++++++++++++++++++++++++++++++++++++++++++++++++++++++++++++++++++
2021-05-09 16:26:59,124 - stpipe - INFO - ++++++++++++++++++++++++++++++++++++++++++++++++++++++++++++++++++++++++++++++++++++++++++++++++++++
2021-05-09 16:26:59,145 - mirage.yaml.generate_observationlist.expand_for_dithers - INFO - Number of entries before expanding dithers: 1
2021-05-09 16:26:59,145 - stpipe - INFO - Number of entries before expanding dithers: 1
2021-05-09 16:26:59,148 - mirage.yaml.generate_observationlist.expand_for_dithers - INFO - Number of entries after expanding dithers:  1
2021-05-09 16:26:59,148 - stpipe - INFO - Number of entries after expanding dithers:  1
2021-05-09 16:26:59,155 - mirage.yaml.generate_observationlist.expand_for_dithers - INFO - Expanded table for Observation 001 has 1 entries
2021-05-09 16:26:59,155 - stpipe - INFO - Expanded table for Observation 001 has 1 entries
2021-05-09 16:26:59,161 - mirage.yaml.generate_observationlist.get_observation_dict - INFO - Wrote 1 observations and 1 entries to /Users/spacegrey/polybox/thesis/simtools/mirage/image2_data/observation_list.yaml
2021-05-09 16:26:59,161 - stpipe - INFO - Wrote 1 observations and 1 entries to /Users/spacegrey/polybox/thesis/simtools/mirage/image2_data/observation_list.yaml
2021-05-09 16:27:02,299 - mirage.apt.apt_inputs - INFO - csv exposure list written to /Users/spacegrey/polybox/thesis/simtools/mirage/image2_data/Observation_table_for_image2.csv
2021-05-09 16:27:02,299 - stpipe - INFO - csv exposure list written to /Users/spacegrey/polybox/thesis/simtools/mirage/image2_data/Observation_table_for_image2.csv
2021-05-09 16:27:05,784 - mirage.reference_files.utils.get_transmission_file - INFO - POM Transmission filename: None
2021-05-09 16:27:05,784 - stpipe - INFO - POM Transmission filename: None
2021-05-09 16:27:05,789 - mirage.yaml.yaml_generator - INFO - Using transmission file: None
2021-05-09 16:27:05,789 - stpipe - INFO - Using transmission file: None
2021-05-09 16:27:10,125 - mirage.reference_files.utils.get_transmission_file - INFO - POM Transmission filename: None
2021-05-09 16:27:10,125 - stpipe - INFO - POM Transmission filename: None
2021-05-09 16:27:10,130 - mirage.yaml.yaml_generator - INFO - Using transmission file: None
2021-05-09 16:27:10,130 - stpipe - INFO - Using transmission file: None
2021-05-09 16:27:14,030 - mirage.reference_files.utils.get_transmission_file - INFO - POM Transmission filename: None
2021-05-09 16:27:14,030 - stpipe - INFO - POM Transmission filename: None
2021-05-09 16:27:14,033 - mirage.yaml.yaml_generator - INFO - Using transmission file: None
2021-05-09 16:27:14,033 - stpipe - INFO - Using transmission file: None
2021-05-09 16:27:18,347 - mirage.reference_files.utils.get_transmission_file - INFO - POM Transmission filename: None
2021-05-09 16:27:18,347 - stpipe - INFO - POM Transmission filename: None
2021-05-09 16:27:18,352 - mirage.yaml.yaml_generator - INFO - Using transmission file: None
2021-05-09 16:27:18,352 - stpipe - INFO - Using transmission file: None
2021-05-09 16:27:21,394 - mirage.reference_files.utils.get_transmission_file - INFO - POM Transmission filename: None
2021-05-09 16:27:21,394 - stpipe - INFO - POM Transmission filename: None
2021-05-09 16:27:21,397 - mirage.yaml.yaml_generator - INFO - Using transmission file: None
2021-05-09 16:27:21,397 - stpipe - INFO - Using transmission file: None
2021-05-09 16:27:25,735 - mirage.reference_files.utils.get_transmission_file - INFO - POM Transmission filename: None
2021-05-09 16:27:25,735 - stpipe - INFO - POM Transmission filename: None
2021-05-09 16:27:25,738 - mirage.yaml.yaml_generator - INFO - Using transmission file: None
2021-05-09 16:27:25,738 - stpipe - INFO - Using transmission file: None
2021-05-09 16:27:30,088 - mirage.reference_files.utils.get_transmission_file - INFO - POM Transmission filename: None
2021-05-09 16:27:30,088 - stpipe - INFO - POM Transmission filename: None
2021-05-09 16:27:30,091 - mirage.yaml.yaml_generator - INFO - Using transmission file: None
2021-05-09 16:27:30,091 - stpipe - INFO - Using transmission file: None
2021-05-09 16:27:34,407 - mirage.reference_files.utils.get_transmission_file - INFO - POM Transmission filename: None
2021-05-09 16:27:34,407 - stpipe - INFO - POM Transmission filename: None
2021-05-09 16:27:34,409 - mirage.yaml.yaml_generator - INFO - Using transmission file: None
2021-05-09 16:27:34,409 - stpipe - INFO - Using transmission file: None
2021-05-09 16:27:38,697 - mirage.reference_files.utils.get_transmission_file - INFO - POM Transmission filename: None
2021-05-09 16:27:38,697 - stpipe - INFO - POM Transmission filename: None
2021-05-09 16:27:38,703 - mirage.yaml.yaml_generator - INFO - Using transmission file: None
2021-05-09 16:27:38,703 - stpipe - INFO - Using transmission file: None
2021-05-09 16:27:43,058 - mirage.reference_files.utils.get_transmission_file - INFO - POM Transmission filename: None
2021-05-09 16:27:43,058 - stpipe - INFO - POM Transmission filename: None
2021-05-09 16:27:43,062 - mirage.yaml.yaml_generator - INFO - Using transmission file: None
2021-05-09 16:27:43,062 - stpipe - INFO - Using transmission file: None
2021-05-09 16:27:43,065 - mirage.yaml.yaml_generator - INFO - No PSF path provided. Using default path as PSF path for all yamls.
2021-05-09 16:27:43,065 - stpipe - INFO - No PSF path provided. Using default path as PSF path for all yamls.
2021-05-09 16:27:43,120 - mirage.yaml.yaml_generator - INFO - Updated observation table file saved to /Users/spacegrey/polybox/thesis/simtools/mirage/image2_data/Observation_table_for_image2.xml_with_yaml_parameters.csv
2021-05-09 16:27:43,120 - stpipe - INFO - Updated observation table file saved to /Users/spacegrey/polybox/thesis/simtools/mirage/image2_data/Observation_table_for_image2.xml_with_yaml_parameters.csv
2021-05-09 16:27:43,130 - mirage.yaml.yaml_generator - INFO - 

2021-05-09 16:27:43,130 - stpipe - INFO - 

2021-05-09 16:27:43,133 - mirage.yaml.yaml_generator - INFO - Observation 001:
2021-05-09 16:27:43,133 - stpipe - INFO - Observation 001:
2021-05-09 16:27:43,135 - mirage.yaml.yaml_generator - INFO -     Prime: NIRCAM
2021-05-09 16:27:43,135 - stpipe - INFO -     Prime: NIRCAM
2021-05-09 16:27:43,137 - mirage.yaml.yaml_generator - INFO -     1 visit(s)
2021-05-09 16:27:43,137 - stpipe - INFO -     1 visit(s)
2021-05-09 16:27:43,139 - mirage.yaml.yaml_generator - INFO -     1 activity(ies)
2021-05-09 16:27:43,139 - stpipe - INFO -     1 activity(ies)
2021-05-09 16:27:43,140 - mirage.yaml.yaml_generator - INFO -     10 NIRCam detector(s) in module A and B
2021-05-09 16:27:43,140 - stpipe - INFO -     10 NIRCam detector(s) in module A and B
2021-05-09 16:27:43,142 - mirage.yaml.yaml_generator - INFO -     10 file(s)
2021-05-09 16:27:43,142 - stpipe - INFO -     10 file(s)
2021-05-09 16:27:43,144 - mirage.yaml.yaml_generator - INFO - 10 output files written to: /Users/spacegrey/polybox/thesis/simtools/mirage/image2_data
2021-05-09 16:27:43,144 - stpipe - INFO - 10 output files written to: /Users/spacegrey/polybox/thesis/simtools/mirage/image2_data
2021-05-09 16:27:43,145 - mirage.yaml.yaml_generator - INFO - Yaml generator complete
2021-05-09 16:27:43,145 - stpipe - INFO - Yaml generator complete
